<?xml version="1.0" encoding="UTF-8"?>
<testsuite xmlns:xsi="http://www.w3.org/2001/XMLSchema-instance" xsi:noNamespaceSchemaLocation="https://maven.apache.org/surefire/maven-surefire-plugin/xsd/surefire-test-report-3.0.xsd" version="3.0" name="TestSuite" time="0.663" tests="11" errors="0" skipped="8" failures="3">
  <properties>
[...]
</properties>
  <testcase name="initialize" classname="Academy1.TitleValidation" time="0.249">
    <failure message="G:\KrishnaEclipseWorkspace\E2EProject\src\main\java\resources\data.properties (The system cannot find the path specified)" type="java.io.FileNotFoundException"><![CDATA[java.io.FileNotFoundException: G:\KrishnaEclipseWorkspace\E2EProject\src\main\java\resources\data.properties (The system cannot find the path specified)
	at Academy1.TitleValidation.initialize(TitleValidation.java:21)
]]></failure>
  </testcase>
  <testcase name="ValidateAppTitle" classname="Academy1.TitleValidation" time="0">
    <skipped message="G:\KrishnaEclipseWorkspace\E2EProject\src\main\java\resources\data.properties (The system cannot find the path specified)"/>
  </testcase>
  <testcase name="ValidateHeader" classname="Academy1.TitleValidation" time="0">
    <skipped message="G:\KrishnaEclipseWorkspace\E2EProject\src\main\java\resources\data.properties (The system cannot find the path specified)"/>
  </testcase>
  <testcase name="teardown" classname="Academy1.TitleValidation" time="0">
    <skipped/>
  </testcase>
  <testcase name="initialize" classname="Academy1.homePage" time="0.036">
    <failure message="G:\KrishnaEclipseWorkspace\E2EProject\src\main\java\resources\data.properties (The system cannot find the path specified)" type="java.io.FileNotFoundException"><![CDATA[java.io.FileNotFoundException: G:\KrishnaEclipseWorkspace\E2EProject\src\main\java\resources\data.properties (The system cannot find the path specified)
	at Academy1.homePage.initialize(homePage.java:20)
]]></failure>
  </testcase>
  <testcase name="basePageNavigation" classname="Academy1.homePage" time="0">
    <skipped message="G:\KrishnaEclipseWorkspace\E2EProject\src\main\java\resources\data.properties (The system cannot find the path specified)"/>
  </testcase>
  <testcase name="basePageNavigation" classname="Academy1.homePage" time="0">
    <skipped message="G:\KrishnaEclipseWorkspace\E2EProject\src\main\java\resources\data.properties (The system cannot find the path specified)"/>
  </testcase>
  <testcase name="teardown" classname="Academy1.homePage" time="0">
    <skipped/>
  </testcase>
  <testcase name="initialize" classname="Academy1.ValidateNavigationBar" time="0.01">
    <failure message="G:\KrishnaEclipseWorkspace\E2EProject\src\main\java\resources\data.properties (The system cannot find the path specified)" type="java.io.FileNotFoundException"><![CDATA[java.io.FileNotFoundException: G:\KrishnaEclipseWorkspace\E2EProject\src\main\java\resources\data.properties (The system cannot find the path specified)
	at Academy1.ValidateNavigationBar.initialize(ValidateNavigationBar.java:20)
]]></failure>
  </testcase>
  <testcase name="ValidateAppNavBar" classname="Academy1.ValidateNavigationBar" time="0">
    <skipped message="G:\KrishnaEclipseWorkspace\E2EProject\src\main\java\resources\data.properties (The system cannot find the path specified)"/>
  </testcase>
  <testcase name="teardown" classname="Academy1.ValidateNavigationBar" time="0">
    <skipped/>
  </testcase>
</testsuite>