<?xml version="1.0" encoding="UTF-8"?>
<testng-results ignored="0" total="4" passed="4" failed="0" skipped="0">
  <reporter-output>
  </reporter-output>
  <suite started-at="2021-10-25T20:38:26 IST" name="Default suite" finished-at="2021-10-25T20:38:26 IST" duration-ms="39">
    <groups>
    </groups>
    <test started-at="2021-10-25T20:38:26 IST" name="Default test" finished-at="2021-10-25T20:38:26 IST" duration-ms="39">
      <class name="com.qa.tests.DemoTest">
        <test-method signature="division()[pri:0, instance:com.qa.tests.DemoTest@37f1104d]" started-at="2021-10-25T20:38:26 IST" name="division" finished-at="2021-10-25T20:38:26 IST" duration-ms="9" status="PASS">
          <reporter-output>
          </reporter-output>
        </test-method> <!-- division -->
        <test-method signature="multiply()[pri:0, instance:com.qa.tests.DemoTest@37f1104d]" started-at="2021-10-25T20:38:26 IST" name="multiply" finished-at="2021-10-25T20:38:26 IST" duration-ms="1" status="PASS">
          <reporter-output>
          </reporter-output>
        </test-method> <!-- multiply -->
        <test-method signature="sum()[pri:0, instance:com.qa.tests.DemoTest@37f1104d]" started-at="2021-10-25T20:38:26 IST" name="sum" finished-at="2021-10-25T20:38:26 IST" duration-ms="2" status="PASS">
          <reporter-output>
          </reporter-output>
        </test-method> <!-- sum -->
        <test-method signature="subtract()[pri:0, instance:com.qa.tests.DemoTest@37f1104d]" started-at="2021-10-25T20:38:26 IST" name="subtract" finished-at="2021-10-25T20:38:26 IST" duration-ms="0" status="PASS">
          <reporter-output>
          </reporter-output>
        </test-method> <!-- subtract -->
      </class> <!-- com.qa.tests.DemoTest -->
    </test> <!-- Default test -->
  </suite> <!-- Default suite -->
</testng-results>
