<?xml version="1.0" encoding="UTF-8"?>
<testng-results total="1" passed="1" failed="0" skipped="0">
  <reporter-output>
  </reporter-output>
  <suite started-at="2020-08-09T16:50:41Z" name="Default suite" finished-at="2020-08-09T16:50:45Z" duration-ms="3978">
    <groups>
    </groups>
    <test started-at="2020-08-09T16:50:41Z" name="Default test" finished-at="2020-08-09T16:50:45Z" duration-ms="3978">
      <class name="demo.StaticJson">
        <test-method signature="addBook()[pri:0, instance:demo.StaticJson@2e377400]" started-at="2020-08-09T22:20:41Z" name="addBook" finished-at="2020-08-09T22:20:45Z" duration-ms="3951" status="PASS">
          <reporter-output>
          </reporter-output>
        </test-method> <!-- addBook -->
      </class> <!-- demo.StaticJson -->
    </test> <!-- Default test -->
  </suite> <!-- Default suite -->
</testng-results>
