<?xml version="1.0" encoding="UTF-8"?>
<!-- Generated by org.testng.reporters.JUnitXMLReporter -->
<testsuite ignored="0" hostname="DESKTOP-EMMOM4M" failures="1" tests="1" name="Plumber Service Test Cases" time="0.038" errors="0" timestamp="2020-05-02T10:21:11 IST">
  <testcase classname="com.crm.qa.testcases.PlumberService" name="test" time="0.014">
    <failure type="org.testng.internal.reflect.MethodMatcherException" message="
[public void com.crm.qa.testcases.PlumberService.test(java.lang.String,java.lang.String,java.lang.String) throws java.io.IOException] has no parameters defined but was found to be using a data provider (either explicitly specified or inherited from class level annotation).
Data provider mismatch
Method: test([Parameter{index=0, type=java.lang.String, declaredAnnotations=[]}, Parameter{index=1, type=java.lang.String, declaredAnnotations=[]}, Parameter{index=2, type=java.lang.String, declaredAnnotations=[]}])
Arguments: [(java.lang.String) Chennai]">
      <![CDATA[org.testng.internal.reflect.MethodMatcherException: 
[public void com.crm.qa.testcases.PlumberService.test(java.lang.String,java.lang.String,java.lang.String) throws java.io.IOException] has no parameters defined but was found to be using a data provider (either explicitly specified or inherited from class level annotation).
Data provider mismatch
Method: test([Parameter{index=0, type=java.lang.String, declaredAnnotations=[]}, Parameter{index=1, type=java.lang.String, declaredAnnotations=[]}, Parameter{index=2, type=java.lang.String, declaredAnnotations=[]}])
Arguments: [(java.lang.String) Chennai]
at java.base/java.util.ArrayList.forEach(ArrayList.java:1540)
... Removed 22 stack frames]]>
    </failure>
  </testcase> <!-- test -->
</testsuite> <!-- Plumber Service Test Cases -->
