<?xml version="1.0" encoding="UTF-8"?>
<testng-results ignored="0" total="1" passed="1" failed="0" skipped="0">
  <reporter-output>
  </reporter-output>
  <suite started-at="2021-10-29T20:07:22 IST" name="Default suite" finished-at="2021-10-29T20:07:25 IST" duration-ms="2606">
    <groups>
    </groups>
    <test started-at="2021-10-29T20:07:22 IST" name="Default test" finished-at="2021-10-29T20:07:25 IST" duration-ms="2606">
      <class name="demo.SearchFilter">
        <test-method signature="searchVeggie()[pri:0, instance:demo.SearchFilter@2abf4075]" started-at="2021-10-29T20:07:22 IST" name="searchVeggie" finished-at="2021-10-29T20:07:25 IST" duration-ms="2572" status="PASS">
          <reporter-output>
          </reporter-output>
        </test-method> <!-- searchVeggie -->
      </class> <!-- demo.SearchFilter -->
    </test> <!-- Default test -->
  </suite> <!-- Default suite -->
</testng-results>
