<?xml version="1.0" encoding="UTF-8"?>
<!-- Generated by org.testng.reporters.JUnitXMLReporter -->
<testsuite ignored="0" hostname="Krishna" failures="0" tests="4" name="Surefire test" time="0.024" errors="0" timestamp="2021-10-23T21:58:54 IST">
  <testcase classname="com.qa.tests.DemoTest" name="division" time="0.004"/>
  <testcase classname="com.qa.tests.DemoTest" name="multiply" time="0.001"/>
  <testcase classname="com.qa.tests.DemoTest" name="subtract" time="0.0"/>
  <testcase classname="com.qa.tests.DemoTest" name="sum" time="0.0"/>
</testsuite> <!-- Surefire test -->
