<?xml version="1.0" encoding="UTF-8"?>
<testng-results ignored="0" total="1" passed="1" failed="0" skipped="0">
  <reporter-output>
  </reporter-output>
  <suite started-at="2020-09-13T11:32:29 IST" name="Default suite" finished-at="2020-09-13T11:32:37 IST" duration-ms="7559">
    <groups>
    </groups>
    <test started-at="2020-09-13T11:32:29 IST" name="Default test" finished-at="2020-09-13T11:32:37 IST" duration-ms="7559">
      <class name="javaStreams.FilterMechanism">
        <test-method signature="VerifyFilterMechanism()[pri:0, instance:javaStreams.FilterMechanism@50caa560]" started-at="2020-09-13T11:32:29 IST" name="VerifyFilterMechanism" finished-at="2020-09-13T11:32:37 IST" duration-ms="7506" status="PASS">
          <reporter-output>
          </reporter-output>
        </test-method> <!-- VerifyFilterMechanism -->
      </class> <!-- javaStreams.FilterMechanism -->
    </test> <!-- Default test -->
  </suite> <!-- Default suite -->
</testng-results>
