<?xml version="1.0" encoding="UTF-8"?>
<!-- Generated by org.testng.reporters.JUnitXMLReporter -->
<testsuite ignored="0" hostname="Krishna" failures="0" tests="12" name="Test Maven" time="0.062" errors="0" timestamp="2021-10-25T20:38:15 IST">
  <testcase classname="com.qa.tests.DemoTest" name="division" time="0.01"/>
  <testcase classname="com.qa.tests.DemoTest" name="multiply" time="0.002"/>
  <testcase classname="com.qa.tests.DemoTest" name="subtract" time="0.001"/>
  <testcase classname="com.qa.tests.DemoTest" name="sum" time="0.001"/>
  <testcase classname="com.qa.tests.DemoTest1" name="division" time="0.001"/>
  <testcase classname="com.qa.tests.DemoTest1" name="multiply" time="0.001"/>
  <testcase classname="com.qa.tests.DemoTest1" name="subtract" time="0.001"/>
  <testcase classname="com.qa.tests.DemoTest1" name="sum" time="0.002"/>
  <testcase classname="com.qa.tests.DemoTest3" name="division" time="0.0"/>
  <testcase classname="com.qa.tests.DemoTest3" name="multiply" time="0.001"/>
  <testcase classname="com.qa.tests.DemoTest3" name="subtract" time="0.0"/>
  <testcase classname="com.qa.tests.DemoTest3" name="sum" time="0.0"/>
</testsuite> <!-- Test Maven -->
