<?xml version="1.0" encoding="UTF-8"?>
<testng-results ignored="0" total="1" passed="1" failed="0" skipped="0">
  <reporter-output>
  </reporter-output>
  <suite started-at="2020-05-10T15:46:25 IST" name="Vivirti Capital  Test - Plumber Service" finished-at="2020-05-10T15:46:49 IST" duration-ms="23566">
    <groups>
    </groups>
    <test started-at="2020-05-10T15:46:25 IST" name="Plumber Service Test Cases" finished-at="2020-05-10T15:46:49 IST" duration-ms="23566">
      <class name="com.testcases.StarOfService">
        <test-method is-config="true" signature="loadConfig()[pri:0, instance:com.testcases.StarOfService@6c779568]" started-at="2020-05-10T15:46:25 IST" name="loadConfig" finished-at="2020-05-10T15:46:25 IST" duration-ms="17" status="PASS">
          <reporter-output>
          </reporter-output>
        </test-method> <!-- loadConfig -->
        <test-method signature="test(java.lang.String, java.lang.String, java.lang.String)[pri:0, instance:com.testcases.StarOfService@6c779568]" started-at="2020-05-10T15:46:25 IST" name="test" data-provider="GetData" finished-at="2020-05-10T15:46:48 IST" duration-ms="23510" status="PASS">
          <params>
            <param index="0">
              <value>
                <![CDATA[Chennai]]>
              </value>
            </param>
            <param index="1">
              <value>
                <![CDATA[Sample Text]]>
              </value>
            </param>
            <param index="2">
              <value>
                <![CDATA[5]]>
              </value>
            </param>
          </params>
          <reporter-output>
          </reporter-output>
        </test-method> <!-- test -->
        <test-method is-config="true" signature="tearDown()[pri:0, instance:com.testcases.StarOfService@6c779568]" started-at="2020-05-10T15:46:49 IST" name="tearDown" finished-at="2020-05-10T15:46:49 IST" duration-ms="745" status="PASS">
          <reporter-output>
          </reporter-output>
        </test-method> <!-- tearDown -->
      </class> <!-- com.testcases.StarOfService -->
    </test> <!-- Plumber Service Test Cases -->
  </suite> <!-- Vivirti Capital  Test - Plumber Service -->
</testng-results>
