<?xml version="1.0" encoding="UTF-8"?>
<!-- Generated by org.testng.reporters.JUnitXMLReporter -->
<testsuite ignored="0" hostname="Krishna" failures="0" tests="2" name="Validating title of the page" time="0.027" errors="0" timestamp="2021-10-23T20:23:04 IST">
  <testcase classname="Academy1.TitleValidation" name="ValidateAppTitle" time="0.0">
    <skipped/>
  </testcase> <!-- ValidateAppTitle -->
  <testcase classname="Academy1.TitleValidation" name="ValidateHeader" time="0.0">
    <skipped/>
  </testcase> <!-- ValidateHeader -->
</testsuite> <!-- Validating title of the page -->
