<?xml version="1.0" encoding="UTF-8"?>
<!-- Generated by org.testng.reporters.JUnitXMLReporter -->
<testsuite ignored="0" hostname="Krishna" failures="0" tests="1" name="Validating the navigation bar of the website" time="0.001" errors="0" timestamp="2021-10-23T20:23:04 IST">
  <testcase classname="Academy1.ValidateNavigationBar" name="@BeforeTest initialize" time="0.0">
    <failure type="java.io.FileNotFoundException" message="G:\KrishnaEclipseWorkspace\E2EProject\src\main\java\resources\data.properties (The system cannot find the path specified)">
      <![CDATA[java.io.FileNotFoundException: G:\KrishnaEclipseWorkspace\E2EProject\src\main\java\resources\data.properties (The system cannot find the path specified)
at java.base/java.io.FileInputStream.open0(Native Method)
at java.base/java.io.FileInputStream.open(FileInputStream.java:211)
at java.base/java.io.FileInputStream.<init>(FileInputStream.java:153)
at java.base/java.io.FileInputStream.<init>(FileInputStream.java:108)
at resources.Base1.initializeDriver(Base1.java:24)
at Academy1.ValidateNavigationBar.initialize(ValidateNavigationBar.java:20)
... Removed 28 stack frames]]>
    </failure>
  </testcase> <!-- @BeforeTest initialize -->
  <testcase classname="Academy1.ValidateNavigationBar" name="@AfterTest teardown" time="-1.635000784575E9">
    <skipped/>
  </testcase> <!-- @AfterTest teardown -->
  <testcase classname="Academy1.ValidateNavigationBar" name="ValidateAppNavBar" time="0.0">
    <skipped/>
  </testcase> <!-- ValidateAppNavBar -->
</testsuite> <!-- Validating the navigation bar of the website -->
