<?xml version="1.0" encoding="UTF-8"?>
<!-- Generated by org.testng.reporters.JUnitXMLReporter -->
<testsuite ignored="0" hostname="Krishna" failures="0" tests="4" name="Default test" time="0.039" errors="0" timestamp="2021-10-25T20:38:26 IST">
  <testcase classname="com.qa.tests.DemoTest" name="division" time="0.009"/>
  <testcase classname="com.qa.tests.DemoTest" name="multiply" time="0.001"/>
  <testcase classname="com.qa.tests.DemoTest" name="subtract" time="0.0"/>
  <testcase classname="com.qa.tests.DemoTest" name="sum" time="0.002"/>
</testsuite> <!-- Default test -->
